<?xml version="1.0" encoding="UTF-8"?>
<!-- Generated by org.testng.reporters.JUnitReportReporter -->
<testsuite hostname="LAPTOP-VMPKN6IC" failures="0" tests="2" name="rahulshettyacademy.Tests.ErrorValidation" time="15.748" errors="0" timestamp="2024-12-31T19:58:01 IST" skipped="0">
  <testcase classname="rahulshettyacademy.Tests.ErrorValidation" name="LogInErrorValidation" time="7.205"/>
  <testcase classname="rahulshettyacademy.Tests.ErrorValidation" name="ProductErrorValidation" time="8.543"/>
</testsuite> <!-- rahulshettyacademy.Tests.ErrorValidation -->
