<?xml version="1.0" encoding="UTF-8"?>
<!-- Generated by org.testng.reporters.JUnitReportReporter -->
<testsuite hostname="LAPTOP-VMPKN6IC" failures="0" tests="3" name="rahulshettyacademy.Tests.SubmitTest" time="27.538" errors="0" timestamp="2024-12-31T19:58:01 IST" skipped="0">
  <testcase classname="rahulshettyacademy.Tests.SubmitTest" name="submitOrder" time="10.815"/>
  <testcase classname="rahulshettyacademy.Tests.SubmitTest" name="submitOrder" time="10.887"/>
  <testcase classname="rahulshettyacademy.Tests.SubmitTest" name="OrderHistory" time="5.836"/>
</testsuite> <!-- rahulshettyacademy.Tests.SubmitTest -->
