<?xml version="1.0" encoding="UTF-8"?>
<!-- Generated by org.testng.reporters.JUnitReportReporter -->
<testsuite hostname="LAPTOP-VMPKN6IC" failures="0" tests="3" name="rahulshettyacademy.Tests.SubmitTest" time="25.269" errors="0" timestamp="2024-12-30T13:12:15 IST" skipped="0">
  <testcase classname="rahulshettyacademy.Tests.SubmitTest" name="submitOrder" time="9.860"/>
  <system-out/>
  <testcase classname="rahulshettyacademy.Tests.SubmitTest" name="submitOrder" time="9.154"/>
  <system-out/>
  <testcase classname="rahulshettyacademy.Tests.SubmitTest" name="OrderHistory" time="6.255"/>
  <system-out/>
</testsuite> <!-- rahulshettyacademy.Tests.SubmitTest -->
