<?xml version="1.0" encoding="UTF-8"?>
<!-- Generated by org.testng.reporters.JUnitReportReporter -->
<testsuite hostname="LAPTOP-VMPKN6IC" failures="0" tests="3" name="rahulshettyacademy.Tests.SubmitTest" time="38.528" errors="0" timestamp="2024-12-31T19:53:21 IST" skipped="0">
  <testcase classname="rahulshettyacademy.Tests.SubmitTest" name="submitOrder" time="18.638"/>
  <system-out/>
  <testcase classname="rahulshettyacademy.Tests.SubmitTest" name="submitOrder" time="8.756"/>
  <system-out/>
  <testcase classname="rahulshettyacademy.Tests.SubmitTest" name="OrderHistory" time="11.134"/>
  <system-out/>
</testsuite> <!-- rahulshettyacademy.Tests.SubmitTest -->
