<?xml version="1.0" encoding="UTF-8"?>
<!-- Generated by org.testng.reporters.JUnitReportReporter -->
<testsuite hostname="LAPTOP-VMPKN6IC" failures="0" tests="2" name="rahulshettyacademy.Tests.ErrorValidation" time="24.999" errors="0" timestamp="2024-12-31T19:53:21 IST" skipped="0">
  <testcase classname="rahulshettyacademy.Tests.ErrorValidation" name="ProductErrorValidation" time="11.421"/>
  <system-out/>
  <testcase classname="rahulshettyacademy.Tests.ErrorValidation" name="LogInErrorValidation" time="13.578"/>
  <system-out/>
</testsuite> <!-- rahulshettyacademy.Tests.ErrorValidation -->
